<?xml version="1.0" encoding="UTF-8"?>
<!-- Generated by org.testng.reporters.JUnitReportReporter -->
<testsuite skipped="0" hostname="LAPTOP-2FUVDDR2" name="sdet21_ComplexResponseValidation.DynamicResponse" tests="1" failures="0" timestamp="29 Oct 2021 06:53:45 GMT" time="5.727" errors="0">
  <testcase name="dynamicResponse" time="5.727" classname="sdet21_ComplexResponseValidation.DynamicResponse"/>
</testsuite> <!-- sdet21_ComplexResponseValidation.DynamicResponse -->
