<?xml version="1.0" encoding="UTF-8"?>
<!-- Generated by org.testng.reporters.JUnitReportReporter -->
<testsuite skipped="0" hostname="LAPTOP-2FUVDDR2" name="sdet21_ComplexResponseValidation.StaticResponse" tests="1" failures="0" timestamp="29 Oct 2021 06:03:11 GMT" time="6.156" errors="0">
  <testcase name="staticresponse" time="6.156" classname="sdet21_ComplexResponseValidation.StaticResponse"/>
</testsuite> <!-- sdet21_ComplexResponseValidation.StaticResponse -->
