<?xml version="1.0" encoding="UTF-8"?>
<!-- Generated by org.testng.reporters.JUnitReportReporter -->
<testsuite skipped="0" hostname="LAPTOP-2FUVDDR2" name="RESTASSURED_CRUDOPERATION.Getproject" tests="1" failures="0" timestamp="28 Oct 2021 10:16:43 GMT" time="4.591" errors="0">
  <testcase name="getallproject" time="4.591" classname="RESTASSURED_CRUDOPERATION.Getproject"/>
</testsuite> <!-- RESTASSURED_CRUDOPERATION.Getproject -->
