<?xml version="1.0" encoding="UTF-8"?>
<!-- Generated by org.testng.reporters.JUnitReportReporter -->
<testsuite skipped="0" hostname="LAPTOP-2FUVDDR2" name="RESTASSURED_CRUDOPERATION.CreateProject" tests="1" failures="0" timestamp="30 Oct 2021 13:14:07 GMT" time="4.884" errors="0">
  <testcase name="createproject" time="4.884" classname="RESTASSURED_CRUDOPERATION.CreateProject"/>
</testsuite> <!-- RESTASSURED_CRUDOPERATION.CreateProject -->
